Warning[207] D:\MICROC\LAB_1\BINBCD\BINBCD.X\BINCON.ASM 6 : Found label after column 1. (_CONFIG1)
Warning[207] D:\MICROC\LAB_1\BINBCD\BINBCD.X\BINCON.ASM 7 : Found label after column 1. (_CONFIG2)
Warning[207] D:\MICROC\LAB_1\BINBCD\BINBCD.X\BINCON.ASM 8 : Found label after column 1. (_FOSC_HS)
Warning[207] D:\MICROC\LAB_1\BINBCD\BINBCD.X\BINCON.ASM 9 : Found label after column 1. (_WDT_OFF)
Warning[207] D:\MICROC\LAB_1\BINBCD\BINBCD.X\BINCON.ASM 10 : Found label after column 1. (_PWRTE_OFF)
Warning[207] D:\MICROC\LAB_1\BINBCD\BINBCD.X\BINCON.ASM 11 : Found label after column 1. (_MCLRE_ON)
Warning[207] D:\MICROC\LAB_1\BINBCD\BINBCD.X\BINCON.ASM 12 : Found label after column 1. (_CP_OFF)
Warning[207] D:\MICROC\LAB_1\BINBCD\BINBCD.X\BINCON.ASM 13 : Found label after column 1. (_CPD_OFF)
Warning[207] D:\MICROC\LAB_1\BINBCD\BINBCD.X\BINCON.ASM 14 : Found label after column 1. (_WDTE_OFF)
Warning[207] D:\MICROC\LAB_1\BINBCD\BINBCD.X\BINCON.ASM 15 : Found label after column 1. (_BOREN_ON)
Warning[207] D:\MICROC\LAB_1\BINBCD\BINBCD.X\BINCON.ASM 16 : Found label after column 1. (_IESO_ON)
Warning[207] D:\MICROC\LAB_1\BINBCD\BINBCD.X\BINCON.ASM 17 : Found label after column 1. (_FCMEN_OFF)
Warning[207] D:\MICROC\LAB_1\BINBCD\BINBCD.X\BINCON.ASM 18 : Found label after column 1. (_LVP_ON)
Warning[207] D:\MICROC\LAB_1\BINBCD\BINBCD.X\BINCON.ASM 19 : Found label after column 1. (_BOR4V_BOR40V)
Warning[207] D:\MICROC\LAB_1\BINBCD\BINBCD.X\BINCON.ASM 20 : Found label after column 1. (_WRT_OFF)
Warning[207] D:\MICROC\LAB_1\BINBCD\BINBCD.X\BINCON.ASM 21 : Found label after column 1. (STATUS)
Warning[207] D:\MICROC\LAB_1\BINBCD\BINBCD.X\BINCON.ASM 22 : Found label after column 1. (OSCCON)
Warning[207] D:\MICROC\LAB_1\BINBCD\BINBCD.X\BINCON.ASM 23 : Found label after column 1. (TRISA)
Warning[207] D:\MICROC\LAB_1\BINBCD\BINBCD.X\BINCON.ASM 24 : Found label after column 1. (TRISB)
Warning[207] D:\MICROC\LAB_1\BINBCD\BINBCD.X\BINCON.ASM 25 : Found label after column 1. (TRISC)
Warning[207] D:\MICROC\LAB_1\BINBCD\BINBCD.X\BINCON.ASM 26 : Found label after column 1. (ANSEL)
Warning[207] D:\MICROC\LAB_1\BINBCD\BINBCD.X\BINCON.ASM 27 : Found label after column 1. (ANSELH)
Warning[207] D:\MICROC\LAB_1\BINBCD\BINBCD.X\BINCON.ASM 28 : Found label after column 1. (PORTA)
Warning[207] D:\MICROC\LAB_1\BINBCD\BINBCD.X\BINCON.ASM 29 : Found label after column 1. (PORTB)
Warning[207] D:\MICROC\LAB_1\BINBCD\BINBCD.X\BINCON.ASM 30 : Found label after column 1. (PORTC)
Warning[207] D:\MICROC\LAB_1\BINBCD\BINBCD.X\BINCON.ASM 31 : Found label after column 1. (RP0)
Warning[207] D:\MICROC\LAB_1\BINBCD\BINBCD.X\BINCON.ASM 32 : Found label after column 1. (RP1)
Warning[207] D:\MICROC\LAB_1\BINBCD\BINBCD.X\BINCON.ASM 33 : Found label after column 1. (RC0)
Warning[207] D:\MICROC\LAB_1\BINBCD\BINBCD.X\BINCON.ASM 34 : Found label after column 1. (RC1)
Warning[207] D:\MICROC\LAB_1\BINBCD\BINBCD.X\BINCON.ASM 35 : Found label after column 1. (RC2)
Warning[207] D:\MICROC\LAB_1\BINBCD\BINBCD.X\BINCON.ASM 36 : Found label after column 1. (RC3)
Warning[207] D:\MICROC\LAB_1\BINBCD\BINBCD.X\BINCON.ASM 37 : Found label after column 1. (RC7)
Warning[207] D:\MICROC\LAB_1\BINBCD\BINBCD.X\BINCON.ASM 38 : Found label after column 1. (C)
Warning[207] D:\MICROC\LAB_1\BINBCD\BINBCD.X\BINCON.ASM 39 : Found label after column 1. (Z)
Message[302] D:\MICROC\LAB_1\BINBCD\BINBCD.X\BINCON.ASM 66 : Register in operand not in bank 0.  Ensure that bank bits are correct.
Message[302] D:\MICROC\LAB_1\BINBCD\BINBCD.X\BINCON.ASM 67 : Register in operand not in bank 0.  Ensure that bank bits are correct.
Message[302] D:\MICROC\LAB_1\BINBCD\BINBCD.X\BINCON.ASM 69 : Register in operand not in bank 0.  Ensure that bank bits are correct.
Warning[207] D:\MICROC\LAB_1\BINBCD\BINBCD.X\BINCON.ASM 72 : Found label after column 1. (START)
Message[302] D:\MICROC\LAB_1\BINBCD\BINBCD.X\BINCON.ASM 75 : Register in operand not in bank 0.  Ensure that bank bits are correct.
Message[302] D:\MICROC\LAB_1\BINBCD\BINBCD.X\BINCON.ASM 76 : Register in operand not in bank 0.  Ensure that bank bits are correct.
Message[302] D:\MICROC\LAB_1\BINBCD\BINBCD.X\BINCON.ASM 78 : Register in operand not in bank 0.  Ensure that bank bits are correct.
Message[302] D:\MICROC\LAB_1\BINBCD\BINBCD.X\BINCON.ASM 80 : Register in operand not in bank 0.  Ensure that bank bits are correct.
Message[302] D:\MICROC\LAB_1\BINBCD\BINBCD.X\BINCON.ASM 83 : Register in operand not in bank 0.  Ensure that bank bits are correct.
Message[302] D:\MICROC\LAB_1\BINBCD\BINBCD.X\BINCON.ASM 84 : Register in operand not in bank 0.  Ensure that bank bits are correct.
Warning[207] D:\MICROC\LAB_1\BINBCD\BINBCD.X\BINCON.ASM 91 : Found label after column 1. (INCREMENTO)
Message[305] D:\MICROC\LAB_1\BINBCD\BINBCD.X\BINCON.ASM 94 : Using default destination of 1 (file).
Message[302] D:\MICROC\LAB_1\BINBCD\BINBCD.X\BINCON.ASM 97 : Register in operand not in bank 0.  Ensure that bank bits are correct.
Warning[207] D:\MICROC\LAB_1\BINBCD\BINBCD.X\BINCON.ASM 108 : Found label after column 1. (ATRASO)
Message[305] D:\MICROC\LAB_1\BINBCD\BINBCD.X\BINCON.ASM 116 : Using default destination of 1 (file).
Message[305] D:\MICROC\LAB_1\BINBCD\BINBCD.X\BINCON.ASM 118 : Using default destination of 1 (file).
Message[305] D:\MICROC\LAB_1\BINBCD\BINBCD.X\BINCON.ASM 120 : Using default destination of 1 (file).
Message[302] D:\MICROC\LAB_1\BINBCD\BINBCD.X\BINCON.ASM 130 : Register in operand not in bank 0.  Ensure that bank bits are correct.
Message[302] D:\MICROC\LAB_1\BINBCD\BINBCD.X\BINCON.ASM 142 : Register in operand not in bank 0.  Ensure that bank bits are correct.
Message[305] D:\MICROC\LAB_1\BINBCD\BINBCD.X\BINCON.ASM 144 : Using default destination of 1 (file).
Message[305] D:\MICROC\LAB_1\BINBCD\BINBCD.X\BINCON.ASM 146 : Using default destination of 1 (file).
Warning[207] D:\MICROC\LAB_1\BINBCD\BINBCD.X\BINCON.ASM 160 : Found label after column 1. (REINICIO)
Message[305] D:\MICROC\LAB_1\BINBCD\BINBCD.X\BINCON.ASM 229 : Using default destination of 1 (file).
Message[305] D:\MICROC\LAB_1\BINBCD\BINBCD.X\BINCON.ASM 239 : Using default destination of 1 (file).
Message[305] D:\MICROC\LAB_1\BINBCD\BINBCD.X\BINCON.ASM 241 : Using default destination of 1 (file).
